<?xml version="1.0" encoding="UTF-8"?>
<testng-results skipped="0" failed="0" ignored="0" total="1" passed="1">
  <reporter-output>
  </reporter-output>
  <suite name="Default suite" duration-ms="5821" started-at="2019-12-18T19:14:19Z" finished-at="2019-12-18T19:14:25Z">
    <groups>
    </groups>
    <test name="Default test" duration-ms="5821" started-at="2019-12-18T19:14:19Z" finished-at="2019-12-18T19:14:25Z">
      <class name="Testing.TestRunner">
        <test-method status="PASS" signature="goJobTitlePage()[pri:0, instance:Testing.TestRunner@6d4b1c02]" name="goJobTitlePage" duration-ms="5794" started-at="2019-12-18T19:14:19Z" finished-at="2019-12-18T19:14:25Z">
          <reporter-output>
          </reporter-output>
        </test-method> <!-- goJobTitlePage -->
      </class> <!-- Testing.TestRunner -->
    </test> <!-- Default test -->
  </suite> <!-- Default suite -->
</testng-results>
